<?xml version="1.0" encoding="UTF-8"?>
<testsuite xmlns:xsi="http://www.w3.org/2001/XMLSchema-instance" xsi:noNamespaceSchemaLocation="https://maven.apache.org/surefire/maven-surefire-plugin/xsd/surefire-test-report.xsd" name="wordReader.biProject.AppTest" time="0.03" tests="1" errors="0" skipped="0" failures="0">
  <properties>
    <property name="java.specification.version" value="13"/>
    <property name="sun.jnu.encoding" value="UTF-8"/>
    <property name="java.class.path" value="/Users/liaoyushao/eclipse-workspace/servlet/biProject/target/test-classes:/Users/liaoyushao/eclipse-workspace/servlet/biProject/target/classes:/Users/liaoyushao/.m2/repository/junit/junit/4.11/junit-4.11.jar:/Users/liaoyushao/.m2/repository/org/hamcrest/hamcrest-core/1.3/hamcrest-core-1.3.jar:/Users/liaoyushao/.m2/repository/org/apache/poi/poi/4.1.2/poi-4.1.2.jar:/Users/liaoyushao/.m2/repository/commons-codec/commons-codec/1.13/commons-codec-1.13.jar:/Users/liaoyushao/.m2/repository/org/apache/commons/commons-collections4/4.4/commons-collections4-4.4.jar:/Users/liaoyushao/.m2/repository/org/apache/commons/commons-math3/3.6.1/commons-math3-3.6.1.jar:/Users/liaoyushao/.m2/repository/com/zaxxer/SparseBitSet/1.2/SparseBitSet-1.2.jar:/Users/liaoyushao/.m2/repository/org/apache/poi/poi-scratchpad/4.1.2/poi-scratchpad-4.1.2.jar:/Users/liaoyushao/.m2/repository/org/apache/poi/poi-ooxml/4.1.2/poi-ooxml-4.1.2.jar:/Users/liaoyushao/.m2/repository/org/apache/commons/commons-compress/1.19/commons-compress-1.19.jar:/Users/liaoyushao/.m2/repository/com/github/virtuald/curvesapi/1.06/curvesapi-1.06.jar:/Users/liaoyushao/.m2/repository/fr/opensagres/org.apache.poi.xwpf.converter/0.9.1/org.apache.poi.xwpf.converter-0.9.1.jar:/Users/liaoyushao/.m2/repository/fr/opensagres/fr.opensagres.xdocreport.itext.extension/0.9.1/fr.opensagres.xdocreport.itext.extension-0.9.1.jar:/Users/liaoyushao/.m2/repository/com/lowagie/itext/2.1.7/itext-2.1.7.jar:/Users/liaoyushao/.m2/repository/bouncycastle/bcmail-jdk14/138/bcmail-jdk14-138.jar:/Users/liaoyushao/.m2/repository/bouncycastle/bcprov-jdk14/138/bcprov-jdk14-138.jar:/Users/liaoyushao/.m2/repository/org/apache/poi/ooxml-schemas/1.4/ooxml-schemas-1.4.jar:/Users/liaoyushao/.m2/repository/org/apache/xmlbeans/xmlbeans/3.0.1/xmlbeans-3.0.1.jar:/Users/liaoyushao/.m2/repository/org/apache/poi/poi-ooxml-schemas/4.1.2/poi-ooxml-schemas-4.1.2.jar:"/>
    <property name="java.vm.vendor" value="Oracle Corporation"/>
    <property name="sun.arch.data.model" value="64"/>
    <property name="java.vendor.url" value="https://openjdk.java.net/"/>
    <property name="os.name" value="Mac OS X"/>
    <property name="java.vm.specification.version" value="13"/>
    <property name="sun.java.launcher" value="SUN_STANDARD"/>
    <property name="user.country" value="TW"/>
    <property name="sun.boot.library.path" value="/usr/local/Cellar/openjdk/13.0.2+8_2/libexec/openjdk.jdk/Contents/Home/lib"/>
    <property name="sun.java.command" value="/Users/liaoyushao/eclipse-workspace/servlet/biProject/target/surefire/surefirebooter4668423230734098075.jar /Users/liaoyushao/eclipse-workspace/servlet/biProject/target/surefire 2020-06-02T12-27-01_449-jvmRun1 surefire4343333700253534035tmp surefire_017123385584096220713tmp"/>
    <property name="http.nonProxyHosts" value="local|*.local|169.254/16|*.169.254/16"/>
    <property name="jdk.debug" value="release"/>
    <property name="surefire.test.class.path" value="/Users/liaoyushao/eclipse-workspace/servlet/biProject/target/test-classes:/Users/liaoyushao/eclipse-workspace/servlet/biProject/target/classes:/Users/liaoyushao/.m2/repository/junit/junit/4.11/junit-4.11.jar:/Users/liaoyushao/.m2/repository/org/hamcrest/hamcrest-core/1.3/hamcrest-core-1.3.jar:/Users/liaoyushao/.m2/repository/org/apache/poi/poi/4.1.2/poi-4.1.2.jar:/Users/liaoyushao/.m2/repository/commons-codec/commons-codec/1.13/commons-codec-1.13.jar:/Users/liaoyushao/.m2/repository/org/apache/commons/commons-collections4/4.4/commons-collections4-4.4.jar:/Users/liaoyushao/.m2/repository/org/apache/commons/commons-math3/3.6.1/commons-math3-3.6.1.jar:/Users/liaoyushao/.m2/repository/com/zaxxer/SparseBitSet/1.2/SparseBitSet-1.2.jar:/Users/liaoyushao/.m2/repository/org/apache/poi/poi-scratchpad/4.1.2/poi-scratchpad-4.1.2.jar:/Users/liaoyushao/.m2/repository/org/apache/poi/poi-ooxml/4.1.2/poi-ooxml-4.1.2.jar:/Users/liaoyushao/.m2/repository/org/apache/commons/commons-compress/1.19/commons-compress-1.19.jar:/Users/liaoyushao/.m2/repository/com/github/virtuald/curvesapi/1.06/curvesapi-1.06.jar:/Users/liaoyushao/.m2/repository/fr/opensagres/org.apache.poi.xwpf.converter/0.9.1/org.apache.poi.xwpf.converter-0.9.1.jar:/Users/liaoyushao/.m2/repository/fr/opensagres/fr.opensagres.xdocreport.itext.extension/0.9.1/fr.opensagres.xdocreport.itext.extension-0.9.1.jar:/Users/liaoyushao/.m2/repository/com/lowagie/itext/2.1.7/itext-2.1.7.jar:/Users/liaoyushao/.m2/repository/bouncycastle/bcmail-jdk14/138/bcmail-jdk14-138.jar:/Users/liaoyushao/.m2/repository/bouncycastle/bcprov-jdk14/138/bcprov-jdk14-138.jar:/Users/liaoyushao/.m2/repository/org/apache/poi/ooxml-schemas/1.4/ooxml-schemas-1.4.jar:/Users/liaoyushao/.m2/repository/org/apache/xmlbeans/xmlbeans/3.0.1/xmlbeans-3.0.1.jar:/Users/liaoyushao/.m2/repository/org/apache/poi/poi-ooxml-schemas/4.1.2/poi-ooxml-schemas-4.1.2.jar:"/>
    <property name="sun.cpu.endian" value="little"/>
    <property name="user.home" value="/Users/liaoyushao"/>
    <property name="user.language" value="zh"/>
    <property name="java.specification.vendor" value="Oracle Corporation"/>
    <property name="java.version.date" value="2020-01-14"/>
    <property name="java.home" value="/usr/local/Cellar/openjdk/13.0.2+8_2/libexec/openjdk.jdk/Contents/Home"/>
    <property name="file.separator" value="/"/>
    <property name="basedir" value="/Users/liaoyushao/eclipse-workspace/servlet/biProject"/>
    <property name="java.vm.compressedOopsMode" value="Zero based"/>
    <property name="line.separator" value="&#10;"/>
    <property name="java.specification.name" value="Java Platform API Specification"/>
    <property name="java.vm.specification.vendor" value="Oracle Corporation"/>
    <property name="surefire.real.class.path" value="/Users/liaoyushao/eclipse-workspace/servlet/biProject/target/surefire/surefirebooter4668423230734098075.jar"/>
    <property name="user.script" value="Hant"/>
    <property name="sun.management.compiler" value="HotSpot 64-Bit Tiered Compilers"/>
    <property name="ftp.nonProxyHosts" value="local|*.local|169.254/16|*.169.254/16"/>
    <property name="java.runtime.version" value="13.0.2+8"/>
    <property name="user.name" value="liaoyushao"/>
    <property name="path.separator" value=":"/>
    <property name="os.version" value="10.15.3"/>
    <property name="java.runtime.name" value="OpenJDK Runtime Environment"/>
    <property name="file.encoding" value="UTF-8"/>
    <property name="java.vm.name" value="OpenJDK 64-Bit Server VM"/>
    <property name="localRepository" value="/Users/liaoyushao/.m2/repository"/>
    <property name="java.vendor.url.bug" value="https://bugreport.java.com/bugreport/"/>
    <property name="java.io.tmpdir" value="/var/folders/sd/r0sl35k92j3b0yndp8v8pzkh0000gn/T/"/>
    <property name="java.version" value="13.0.2"/>
    <property name="user.dir" value="/Users/liaoyushao/eclipse-workspace/servlet/biProject"/>
    <property name="os.arch" value="x86_64"/>
    <property name="java.vm.specification.name" value="Java Virtual Machine Specification"/>
    <property name="java.library.path" value="/Users/liaoyushao/Library/Java/Extensions:/Library/Java/Extensions:/Network/Library/Java/Extensions:/System/Library/Java/Extensions:/usr/lib/java:."/>
    <property name="java.vm.info" value="mixed mode, sharing"/>
    <property name="java.vendor" value="N/A"/>
    <property name="java.vm.version" value="13.0.2+8"/>
    <property name="sun.io.unicode.encoding" value="UnicodeBig"/>
    <property name="socksNonProxyHosts" value="local|*.local|169.254/16|*.169.254/16"/>
    <property name="java.class.version" value="57.0"/>
  </properties>
  <testcase name="shouldAnswerWithTrue" classname="wordReader.biProject.AppTest" time="0.001"/>
</testsuite>